Flutter/build/app/intermediates/manifest_merge_blame_file/debug/manifest-merger-blame-debug-report.txt
1<?xml version="1.0" encoding="utf-8"?>
2<manifest xmlns:android="http://schemas.android.com/apk/res/android"
3    package="com.example.posture_test"
4    android:versionCode="1"
5    android:versionName="1.0" >
6
7    <uses-sdk
8        android:minSdkVersion="23"
9        android:targetSdkVersion="35" />
10    <!--
11         The INTERNET permission is required for development. Specifically,
12         the Flutter tool needs it to communicate with the running application
13         to allow setting breakpoints, to provide hot reload, etc.
14    -->
15    <uses-permission android:name="android.permission.INTERNET" />
15-->src/debug/AndroidManifest.xml:6:5-66
15-->src/debug/AndroidManifest.xml:6:22-64
16    <uses-permission android:name="android.permission.VIBRATE" />
16-->src/main/AndroidManifest.xml:2:5-65
16-->src/main/AndroidManifest.xml:2:22-63
17    <uses-permission android:name="android.permission.RECEIVE_BOOT_COMPLETED" /> <!-- Bluetooth Permissions -->
17-->src/main/AndroidManifest.xml:3:5-80
17-->src/main/AndroidManifest.xml:3:22-78
18    <uses-permission android:name="android.permission.BLUETOOTH" />
18-->src/main/AndroidManifest.xml:6:5-68
18-->src/main/AndroidManifest.xml:6:22-65
19    <uses-permission android:name="android.permission.BLUETOOTH_ADMIN" />
19-->src/main/AndroidManifest.xml:7:5-74
19-->src/main/AndroidManifest.xml:7:22-71
20    <uses-permission android:name="android.permission.ACCESS_FINE_LOCATION" /> <!-- Required for Android 12+ -->
20-->src/main/AndroidManifest.xml:8:5-79
20-->src/main/AndroidManifest.xml:8:22-76
21    <uses-permission android:name="android.permission.BLUETOOTH_SCAN" />
21-->src/main/AndroidManifest.xml:11:5-73
21-->src/main/AndroidManifest.xml:11:22-70
22    <uses-permission android:name="android.permission.BLUETOOTH_CONNECT" />
22-->src/main/AndroidManifest.xml:12:5-76
22-->src/main/AndroidManifest.xml:12:22-73
23    <uses-permission android:name="android.permission.BLUETOOTH_ADVERTISE" /> <!-- Required to run BLE in the background -->
23-->src/main/AndroidManifest.xml:13:5-78
23-->src/main/AndroidManifest.xml:13:22-75
24    <uses-feature
24-->src/main/AndroidManifest.xml:16:5-89
25        android:name="android.hardware.bluetooth_le"
25-->src/main/AndroidManifest.xml:16:19-63
26        android:required="true" /> <!-- Required to query activities that can process text -->
26-->src/main/AndroidManifest.xml:16:64-87
27    <queries>
27-->src/main/AndroidManifest.xml:48:5-53:15
28        <intent>
28-->src/main/AndroidManifest.xml:49:9-52:18
29            <action android:name="android.intent.action.PROCESS_TEXT" />
29-->src/main/AndroidManifest.xml:50:13-72
29-->src/main/AndroidManifest.xml:50:21-70
30
31            <data android:mimeType="text/plain" />
31-->src/main/AndroidManifest.xml:51:13-50
31-->src/main/AndroidManifest.xml:51:19-48
32        </intent>
33    </queries>
34
35    <uses-permission android:name="android.permission.BROADCAST_CLOSE_SYSTEM_DIALOGS" />
35-->[:awesome_notifications] AndroidManifest.xml:7:5-89
35-->[:awesome_notifications] AndroidManifest.xml:7:22-86
36    <uses-permission android:name="android.permission.POST_NOTIFICATIONS" />
36-->[me.carda:AndroidAwnCore:0.10.0] AndroidManifest.xml:8:5-77
36-->[me.carda:AndroidAwnCore:0.10.0] AndroidManifest.xml:8:22-74
37    <uses-permission
37-->[me.carda:AndroidAwnCore:0.10.0] AndroidManifest.xml:9:5-12:47
38        android:name="android.permission.BIND_NOTIFICATION_LISTENER_SERVICE"
38-->[me.carda:AndroidAwnCore:0.10.0] AndroidManifest.xml:10:9-77
39        android:maxSdkVersion="22" />
39-->[me.carda:AndroidAwnCore:0.10.0] AndroidManifest.xml:11:9-35
40
41    <permission
41-->[androidx.core:core:1.13.1] AndroidManifest.xml:22:5-24:47
42        android:name="com.example.posture_test.DYNAMIC_RECEIVER_NOT_EXPORTED_PERMISSION"
42-->[androidx.core:core:1.13.1] AndroidManifest.xml:23:9-81
43        android:protectionLevel="signature" />
43-->[androidx.core:core:1.13.1] AndroidManifest.xml:24:9-44
44
45    <uses-permission android:name="com.example.posture_test.DYNAMIC_RECEIVER_NOT_EXPORTED_PERMISSION" /> <!-- for android -->
45-->[androidx.core:core:1.13.1] AndroidManifest.xml:26:5-97
45-->[androidx.core:core:1.13.1] AndroidManifest.xml:26:22-94
46    <!-- <uses-permission android:name="com.android.launcher.permission.READ_SETTINGS"/> -->
47    <!-- <uses-permission android:name="com.android.launcher.permission.WRITE_SETTINGS"/> -->
48    <!-- <uses-permission android:name="com.android.launcher.permission.INSTALL_SHORTCUT" /> -->
49    <!-- <uses-permission android:name="com.android.launcher.permission.UNINSTALL_SHORTCUT" /> -->
50    <!-- for Samsung -->
51    <uses-permission android:name="com.sec.android.provider.badge.permission.READ" />
51-->[me.leolin:ShortcutBadger:1.1.22] AndroidManifest.xml:19:5-86
51-->[me.leolin:ShortcutBadger:1.1.22] AndroidManifest.xml:19:22-83
52    <uses-permission android:name="com.sec.android.provider.badge.permission.WRITE" /> <!-- for htc -->
52-->[me.leolin:ShortcutBadger:1.1.22] AndroidManifest.xml:20:5-87
52-->[me.leolin:ShortcutBadger:1.1.22] AndroidManifest.xml:20:22-84
53    <uses-permission android:name="com.htc.launcher.permission.READ_SETTINGS" />
53-->[me.leolin:ShortcutBadger:1.1.22] AndroidManifest.xml:23:5-81
53-->[me.leolin:ShortcutBadger:1.1.22] AndroidManifest.xml:23:22-78
54    <uses-permission android:name="com.htc.launcher.permission.UPDATE_SHORTCUT" /> <!-- for sony -->
54-->[me.leolin:ShortcutBadger:1.1.22] AndroidManifest.xml:24:5-83
54-->[me.leolin:ShortcutBadger:1.1.22] AndroidManifest.xml:24:22-80
55    <uses-permission android:name="com.sonyericsson.home.permission.BROADCAST_BADGE" />
55-->[me.leolin:ShortcutBadger:1.1.22] AndroidManifest.xml:27:5-88
55-->[me.leolin:ShortcutBadger:1.1.22] AndroidManifest.xml:27:22-85
56    <uses-permission android:name="com.sonymobile.home.permission.PROVIDER_INSERT_BADGE" /> <!-- for apex -->
56-->[me.leolin:ShortcutBadger:1.1.22] AndroidManifest.xml:28:5-92
56-->[me.leolin:ShortcutBadger:1.1.22] AndroidManifest.xml:28:22-89
57    <uses-permission android:name="com.anddoes.launcher.permission.UPDATE_COUNT" /> <!-- for solid -->
57-->[me.leolin:ShortcutBadger:1.1.22] AndroidManifest.xml:31:5-84
57-->[me.leolin:ShortcutBadger:1.1.22] AndroidManifest.xml:31:22-81
58    <uses-permission android:name="com.majeur.launcher.permission.UPDATE_BADGE" /> <!-- for huawei -->
58-->[me.leolin:ShortcutBadger:1.1.22] AndroidManifest.xml:34:5-83
58-->[me.leolin:ShortcutBadger:1.1.22] AndroidManifest.xml:34:22-80
59    <uses-permission android:name="com.huawei.android.launcher.permission.CHANGE_BADGE" />
59-->[me.leolin:ShortcutBadger:1.1.22] AndroidManifest.xml:37:5-91
59-->[me.leolin:ShortcutBadger:1.1.22] AndroidManifest.xml:37:22-88
60    <uses-permission android:name="com.huawei.android.launcher.permission.READ_SETTINGS" />
60-->[me.leolin:ShortcutBadger:1.1.22] AndroidManifest.xml:38:5-92
60-->[me.leolin:ShortcutBadger:1.1.22] AndroidManifest.xml:38:22-89
61    <uses-permission android:name="com.huawei.android.launcher.permission.WRITE_SETTINGS" /> <!-- for ZUK -->
61-->[me.leolin:ShortcutBadger:1.1.22] AndroidManifest.xml:39:5-93
61-->[me.leolin:ShortcutBadger:1.1.22] AndroidManifest.xml:39:22-90
62    <uses-permission android:name="android.permission.READ_APP_BADGE" /> <!-- for OPPO -->
62-->[me.leolin:ShortcutBadger:1.1.22] AndroidManifest.xml:42:5-73
62-->[me.leolin:ShortcutBadger:1.1.22] AndroidManifest.xml:42:22-70
63    <uses-permission android:name="com.oppo.launcher.permission.READ_SETTINGS" />
63-->[me.leolin:ShortcutBadger:1.1.22] AndroidManifest.xml:45:5-82
63-->[me.leolin:ShortcutBadger:1.1.22] AndroidManifest.xml:45:22-79
64    <uses-permission android:name="com.oppo.launcher.permission.WRITE_SETTINGS" /> <!-- for EvMe -->
64-->[me.leolin:ShortcutBadger:1.1.22] AndroidManifest.xml:46:5-83
64-->[me.leolin:ShortcutBadger:1.1.22] AndroidManifest.xml:46:22-80
65    <uses-permission android:name="me.everything.badger.permission.BADGE_COUNT_READ" />
65-->[me.leolin:ShortcutBadger:1.1.22] AndroidManifest.xml:49:5-88
65-->[me.leolin:ShortcutBadger:1.1.22] AndroidManifest.xml:49:22-85
66    <uses-permission android:name="me.everything.badger.permission.BADGE_COUNT_WRITE" />
66-->[me.leolin:ShortcutBadger:1.1.22] AndroidManifest.xml:50:5-89
66-->[me.leolin:ShortcutBadger:1.1.22] AndroidManifest.xml:50:22-86
67
68    <application
69        android:name="android.app.Application"
70        android:appComponentFactory="androidx.core.app.CoreComponentFactory"
70-->[androidx.core:core:1.13.1] AndroidManifest.xml:28:18-86
71        android:debuggable="true"
72        android:extractNativeLibs="false"
73        android:icon="@mipmap/ic_launcher"
74        android:label="posture_test" >
75        <activity
76            android:name="com.example.posture_test.MainActivity"
77            android:configChanges="orientation|keyboardHidden|keyboard|screenSize|smallestScreenSize|locale|layoutDirection|fontScale|screenLayout|density|uiMode"
78            android:exported="true"
79            android:hardwareAccelerated="true"
80            android:launchMode="singleTop"
81            android:taskAffinity=""
82            android:theme="@style/LaunchTheme"
83            android:windowSoftInputMode="adjustResize" >
84            <meta-data
85                android:name="io.flutter.embedding.android.NormalTheme"
86                android:resource="@style/NormalTheme" />
87
88            <intent-filter>
89                <action android:name="android.intent.action.MAIN" />
90
91                <category android:name="android.intent.category.LAUNCHER" />
92            </intent-filter>
93        </activity>
94        <!--
95             Don't delete the meta-data below.
96             This is used by the Flutter tool to generate GeneratedPluginRegistrant.java
97        -->
98        <meta-data
99            android:name="flutterEmbedding"
100            android:value="2" />
101
102        <receiver
102-->[:awesome_notifications] AndroidManifest.xml:10:9-12:39
103            android:name="me.carda.awesome_notifications.DartNotificationActionReceiver"
103-->[:awesome_notifications] AndroidManifest.xml:11:13-89
104            android:exported="true" />
104-->[:awesome_notifications] AndroidManifest.xml:12:13-36
105        <receiver
105-->[:awesome_notifications] AndroidManifest.xml:13:9-15:39
106            android:name="me.carda.awesome_notifications.DartDismissedNotificationReceiver"
106-->[:awesome_notifications] AndroidManifest.xml:14:13-92
107            android:exported="true" />
107-->[:awesome_notifications] AndroidManifest.xml:15:13-36
108        <receiver
108-->[:awesome_notifications] AndroidManifest.xml:16:9-18:39
109            android:name="me.carda.awesome_notifications.DartScheduledNotificationReceiver"
109-->[:awesome_notifications] AndroidManifest.xml:17:13-92
110            android:exported="true" />
110-->[:awesome_notifications] AndroidManifest.xml:18:13-36
111        <receiver
111-->[:awesome_notifications] AndroidManifest.xml:19:9-33:20
112            android:name="me.carda.awesome_notifications.DartRefreshSchedulesReceiver"
112-->[:awesome_notifications] AndroidManifest.xml:20:13-87
113            android:enabled="true"
113-->[:awesome_notifications] AndroidManifest.xml:21:13-35
114            android:exported="true" >
114-->[:awesome_notifications] AndroidManifest.xml:22:13-36
115            <intent-filter>
115-->[:awesome_notifications] AndroidManifest.xml:23:13-32:29
116                <category android:name="android.intent.category.DEFAULT" />
116-->[:awesome_notifications] AndroidManifest.xml:24:17-76
116-->[:awesome_notifications] AndroidManifest.xml:24:27-73
117
118                <action android:name="android.intent.action.BOOT_COMPLETED" />
118-->[:awesome_notifications] AndroidManifest.xml:26:17-79
118-->[:awesome_notifications] AndroidManifest.xml:26:25-76
119                <action android:name="android.intent.action.LOCKED_BOOT_COMPLETED" />
119-->[:awesome_notifications] AndroidManifest.xml:27:17-86
119-->[:awesome_notifications] AndroidManifest.xml:27:25-83
120                <action android:name="android.intent.action.MY_PACKAGE_REPLACED" />
120-->[:awesome_notifications] AndroidManifest.xml:28:17-84
120-->[:awesome_notifications] AndroidManifest.xml:28:25-81
121                <action android:name="android.intent.action.QUICKBOOT_POWERON" />
121-->[:awesome_notifications] AndroidManifest.xml:29:17-82
121-->[:awesome_notifications] AndroidManifest.xml:29:25-79
122                <action android:name="com.htc.intent.action.QUICKBOOT_POWERON" />
122-->[:awesome_notifications] AndroidManifest.xml:30:17-82
122-->[:awesome_notifications] AndroidManifest.xml:30:25-79
123                <action android:name="android.app.action.SCHEDULE_EXACT_ALARM_PERMISSION_STATE_CHANGED" />
123-->[:awesome_notifications] AndroidManifest.xml:31:17-107
123-->[:awesome_notifications] AndroidManifest.xml:31:25-104
124            </intent-filter>
125        </receiver>
126
127        <service
127-->[:awesome_notifications] AndroidManifest.xml:35:9-38:72
128            android:name="me.carda.awesome_notifications.DartBackgroundService"
128-->[:awesome_notifications] AndroidManifest.xml:36:13-80
129            android:exported="false"
129-->[:awesome_notifications] AndroidManifest.xml:37:13-37
130            android:permission="android.permission.BIND_JOB_SERVICE" />
130-->[:awesome_notifications] AndroidManifest.xml:38:13-69
131        <service
131-->[:awesome_notifications] AndroidManifest.xml:39:9-44:43
132            android:name="me.carda.awesome_notifications.core.services.ForegroundService"
132-->[:awesome_notifications] AndroidManifest.xml:40:13-90
133            android:enabled="true"
133-->[:awesome_notifications] AndroidManifest.xml:41:13-35
134            android:exported="false"
134-->[:awesome_notifications] AndroidManifest.xml:42:13-37
135            android:foregroundServiceType="phoneCall"
135-->[:awesome_notifications] AndroidManifest.xml:43:13-54
136            android:stopWithTask="true" />
136-->[:awesome_notifications] AndroidManifest.xml:44:13-40
137        <service
137-->[me.carda:AndroidAwnCore:0.10.0] AndroidManifest.xml:21:9-28:19
138            android:name="me.carda.awesome_notifications.core.managers.StatusBarManager"
138-->[me.carda:AndroidAwnCore:0.10.0] AndroidManifest.xml:22:13-89
139            android:exported="true"
139-->[me.carda:AndroidAwnCore:0.10.0] AndroidManifest.xml:23:13-36
140            android:label="My Notification Listener Service" >
140-->[me.carda:AndroidAwnCore:0.10.0] AndroidManifest.xml:24:13-61
141            <intent-filter>
141-->[me.carda:AndroidAwnCore:0.10.0] AndroidManifest.xml:25:13-27:29
142                <action android:name="android.service.notification.NotificationListenerService" />
142-->[me.carda:AndroidAwnCore:0.10.0] AndroidManifest.xml:26:17-99
142-->[me.carda:AndroidAwnCore:0.10.0] AndroidManifest.xml:26:25-96
143            </intent-filter>
144        </service>
145        <service
145-->[androidx.room:room-runtime:2.6.1] AndroidManifest.xml:24:9-28:63
146            android:name="androidx.room.MultiInstanceInvalidationService"
146-->[androidx.room:room-runtime:2.6.1] AndroidManifest.xml:25:13-74
147            android:directBootAware="true"
147-->[androidx.room:room-runtime:2.6.1] AndroidManifest.xml:26:13-43
148            android:exported="false" />
148-->[androidx.room:room-runtime:2.6.1] AndroidManifest.xml:27:13-37
149
150        <uses-library
150-->[androidx.window:window:1.2.0] AndroidManifest.xml:23:9-25:40
151            android:name="androidx.window.extensions"
151-->[androidx.window:window:1.2.0] AndroidManifest.xml:24:13-54
152            android:required="false" />
152-->[androidx.window:window:1.2.0] AndroidManifest.xml:25:13-37
153        <uses-library
153-->[androidx.window:window:1.2.0] AndroidManifest.xml:26:9-28:40
154            android:name="androidx.window.sidecar"
154-->[androidx.window:window:1.2.0] AndroidManifest.xml:27:13-51
155            android:required="false" />
155-->[androidx.window:window:1.2.0] AndroidManifest.xml:28:13-37
156
157        <provider
157-->[androidx.emoji2:emoji2:1.3.0] AndroidManifest.xml:24:9-32:20
158            android:name="androidx.startup.InitializationProvider"
158-->[androidx.emoji2:emoji2:1.3.0] AndroidManifest.xml:25:13-67
159            android:authorities="com.example.posture_test.androidx-startup"
159-->[androidx.emoji2:emoji2:1.3.0] AndroidManifest.xml:26:13-68
160            android:exported="false" >
160-->[androidx.emoji2:emoji2:1.3.0] AndroidManifest.xml:27:13-37
161            <meta-data
161-->[androidx.emoji2:emoji2:1.3.0] AndroidManifest.xml:29:13-31:52
162                android:name="androidx.emoji2.text.EmojiCompatInitializer"
162-->[androidx.emoji2:emoji2:1.3.0] AndroidManifest.xml:30:17-75
163                android:value="androidx.startup" />
163-->[androidx.emoji2:emoji2:1.3.0] AndroidManifest.xml:31:17-49
164            <meta-data
164-->[androidx.lifecycle:lifecycle-process:2.7.0] AndroidManifest.xml:29:13-31:52
165                android:name="androidx.lifecycle.ProcessLifecycleInitializer"
165-->[androidx.lifecycle:lifecycle-process:2.7.0] AndroidManifest.xml:30:17-78
166                android:value="androidx.startup" />
166-->[androidx.lifecycle:lifecycle-process:2.7.0] AndroidManifest.xml:31:17-49
167            <meta-data
167-->[androidx.profileinstaller:profileinstaller:1.3.1] AndroidManifest.xml:29:13-31:52
168                android:name="androidx.profileinstaller.ProfileInstallerInitializer"
168-->[androidx.profileinstaller:profileinstaller:1.3.1] AndroidManifest.xml:30:17-85
169                android:value="androidx.startup" />
169-->[androidx.profileinstaller:profileinstaller:1.3.1] AndroidManifest.xml:31:17-49
170        </provider>
171
172        <receiver
172-->[androidx.profileinstaller:profileinstaller:1.3.1] AndroidManifest.xml:34:9-52:20
173            android:name="androidx.profileinstaller.ProfileInstallReceiver"
173-->[androidx.profileinstaller:profileinstaller:1.3.1] AndroidManifest.xml:35:13-76
174            android:directBootAware="false"
174-->[androidx.profileinstaller:profileinstaller:1.3.1] AndroidManifest.xml:36:13-44
175            android:enabled="true"
175-->[androidx.profileinstaller:profileinstaller:1.3.1] AndroidManifest.xml:37:13-35
176            android:exported="true"
176-->[androidx.profileinstaller:profileinstaller:1.3.1] AndroidManifest.xml:38:13-36
177            android:permission="android.permission.DUMP" >
177-->[androidx.profileinstaller:profileinstaller:1.3.1] AndroidManifest.xml:39:13-57
178            <intent-filter>
178-->[androidx.profileinstaller:profileinstaller:1.3.1] AndroidManifest.xml:40:13-42:29
179                <action android:name="androidx.profileinstaller.action.INSTALL_PROFILE" />
179-->[androidx.profileinstaller:profileinstaller:1.3.1] AndroidManifest.xml:41:17-91
179-->[androidx.profileinstaller:profileinstaller:1.3.1] AndroidManifest.xml:41:25-88
180            </intent-filter>
181            <intent-filter>
181-->[androidx.profileinstaller:profileinstaller:1.3.1] AndroidManifest.xml:43:13-45:29
182                <action android:name="androidx.profileinstaller.action.SKIP_FILE" />
182-->[androidx.profileinstaller:profileinstaller:1.3.1] AndroidManifest.xml:44:17-85
182-->[androidx.profileinstaller:profileinstaller:1.3.1] AndroidManifest.xml:44:25-82
183            </intent-filter>
184            <intent-filter>
184-->[androidx.profileinstaller:profileinstaller:1.3.1] AndroidManifest.xml:46:13-48:29
185                <action android:name="androidx.profileinstaller.action.SAVE_PROFILE" />
185-->[androidx.profileinstaller:profileinstaller:1.3.1] AndroidManifest.xml:47:17-88
185-->[androidx.profileinstaller:profileinstaller:1.3.1] AndroidManifest.xml:47:25-85
186            </intent-filter>
187            <intent-filter>
187-->[androidx.profileinstaller:profileinstaller:1.3.1] AndroidManifest.xml:49:13-51:29
188                <action android:name="androidx.profileinstaller.action.BENCHMARK_OPERATION" />
188-->[androidx.profileinstaller:profileinstaller:1.3.1] AndroidManifest.xml:50:17-95
188-->[androidx.profileinstaller:profileinstaller:1.3.1] AndroidManifest.xml:50:25-92
189            </intent-filter>
190        </receiver>
191    </application>
192
193</manifest>